<?xml version="1.0" encoding="UTF-8"?>
<!-- Generated by org.testng.reporters.JUnitReportReporter -->
<testsuite hostname="DESKTOP-5L00DG5" failures="0" tests="1" name="javaa.ps1" time="0.023" errors="0" timestamp="2024-11-30T15:47:27 IST" skipped="0">
  <testcase classname="javaa.ps1" name="demoo" time="0.023"/>
  <system-out/>
</testsuite> <!-- javaa.ps1 -->
